<?xml version="1.0" encoding="UTF-8"?>
<coverage generated="1666258445140" clover="3.2.0">
  <project timestamp="1666258445140" name="All files">
    <metrics statements="56" coveredstatements="56" conditionals="20" coveredconditionals="18" methods="23" coveredmethods="23" elements="99" coveredelements="97" complexity="0" loc="56" ncloc="56" packages="5" files="7" classes="7"/>
    <package name="src">
      <metrics statements="2" coveredstatements="2" conditionals="0" coveredconditionals="0" methods="1" coveredmethods="1"/>
      <file name="App.tsx" path="/home/devi/Desktop/Devi/Projects/AESOP-Coding-Test/client/src/App.tsx">
        <metrics statements="2" coveredstatements="2" conditionals="0" coveredconditionals="0" methods="1" coveredmethods="1"/>
        <line num="6" count="1" type="stmt"/>
        <line num="7" count="1" type="stmt"/>
      </file>
    </package>
    <package name="src.components">
      <metrics statements="13" coveredstatements="13" conditionals="8" coveredconditionals="7" methods="10" coveredmethods="10"/>
      <file name="Accodian.tsx" path="/home/devi/Desktop/Devi/Projects/AESOP-Coding-Test/client/src/components/Accodian.tsx">
        <metrics statements="3" coveredstatements="3" conditionals="2" coveredconditionals="2" methods="2" coveredmethods="2"/>
        <line num="7" count="3" type="stmt"/>
        <line num="8" count="6" type="stmt"/>
        <line num="13" count="10" type="stmt"/>
      </file>
      <file name="ListBox.tsx" path="/home/devi/Desktop/Devi/Projects/AESOP-Coding-Test/client/src/components/ListBox.tsx">
        <metrics statements="5" coveredstatements="5" conditionals="6" coveredconditionals="5" methods="4" coveredmethods="4"/>
        <line num="7" count="3" type="stmt"/>
        <line num="8" count="13" type="stmt"/>
        <line num="28" count="66" type="stmt"/>
        <line num="31" count="33" type="stmt"/>
        <line num="38" count="33" type="stmt"/>
      </file>
      <file name="Table.tsx" path="/home/devi/Desktop/Devi/Projects/AESOP-Coding-Test/client/src/components/Table.tsx">
        <metrics statements="5" coveredstatements="5" conditionals="0" coveredconditionals="0" methods="4" coveredmethods="4"/>
        <line num="5" count="3" type="stmt"/>
        <line num="6" count="1" type="stmt"/>
        <line num="11" count="2" type="stmt"/>
        <line num="23" count="2" type="stmt"/>
        <line num="25" count="4" type="stmt"/>
      </file>
    </package>
    <package name="src.scenes">
      <metrics statements="15" coveredstatements="15" conditionals="0" coveredconditionals="0" methods="9" coveredmethods="9"/>
      <file name="Home.tsx" path="/home/devi/Desktop/Devi/Projects/AESOP-Coding-Test/client/src/scenes/Home.tsx">
        <metrics statements="15" coveredstatements="15" conditionals="0" coveredconditionals="0" methods="9" coveredmethods="9"/>
        <line num="8" count="2" type="stmt"/>
        <line num="15" count="2" type="stmt"/>
        <line num="23" count="2" type="stmt"/>
        <line num="24" count="12" type="stmt"/>
        <line num="31" count="12" type="stmt"/>
        <line num="32" count="3" type="stmt"/>
        <line num="33" count="3" type="stmt"/>
        <line num="34" count="2" type="stmt"/>
        <line num="42" count="12" type="stmt"/>
        <line num="43" count="6" type="stmt"/>
        <line num="47" count="6" type="stmt"/>
        <line num="54" count="12" type="stmt"/>
        <line num="55" count="1" type="stmt"/>
        <line num="60" count="12" type="stmt"/>
        <line num="67" count="4" type="stmt"/>
      </file>
    </package>
    <package name="src.services">
      <metrics statements="6" coveredstatements="6" conditionals="0" coveredconditionals="0" methods="1" coveredmethods="1"/>
      <file name="getCrimeRecord.ts" path="/home/devi/Desktop/Devi/Projects/AESOP-Coding-Test/client/src/services/getCrimeRecord.ts">
        <metrics statements="6" coveredstatements="6" conditionals="0" coveredconditionals="0" methods="1" coveredmethods="1"/>
        <line num="1" count="3" type="stmt"/>
        <line num="4" count="5" type="stmt"/>
        <line num="5" count="5" type="stmt"/>
        <line num="6" count="3" type="stmt"/>
        <line num="7" count="3" type="stmt"/>
        <line num="9" count="1" type="stmt"/>
      </file>
    </package>
    <package name="src.utils">
      <metrics statements="20" coveredstatements="20" conditionals="12" coveredconditionals="11" methods="2" coveredmethods="2"/>
      <file name="getGroupByFilterWithTitle.ts" path="/home/devi/Desktop/Devi/Projects/AESOP-Coding-Test/client/src/utils/getGroupByFilterWithTitle.ts">
        <metrics statements="20" coveredstatements="20" conditionals="12" coveredconditionals="11" methods="2" coveredmethods="2"/>
        <line num="1" count="3" type="stmt"/>
        <line num="7" count="16" type="cond" truecount="2" falsecount="0"/>
        <line num="8" count="11" type="stmt"/>
        <line num="9" count="11" type="stmt"/>
        <line num="11" count="5" type="stmt"/>
        <line num="18" count="3" type="stmt"/>
        <line num="22" count="10" type="stmt"/>
        <line num="23" count="10" type="stmt"/>
        <line num="24" count="10" type="stmt"/>
        <line num="25" count="16" type="cond" truecount="2" falsecount="0"/>
        <line num="26" count="8" type="stmt"/>
        <line num="27" count="8" type="cond" truecount="2" falsecount="0"/>
        <line num="28" count="2" type="stmt"/>
        <line num="34" count="6" type="cond" truecount="2" falsecount="0"/>
        <line num="35" count="2" type="stmt"/>
        <line num="41" count="4" type="cond" truecount="2" falsecount="0"/>
        <line num="42" count="2" type="stmt"/>
        <line num="48" count="2" type="cond" truecount="1" falsecount="1"/>
        <line num="49" count="2" type="stmt"/>
        <line num="52" count="10" type="stmt"/>
      </file>
    </package>
  </project>
</coverage>
