{"/home/devi/Desktop/Devi/Projects/AESOP-Coding-Test/client/src/App.tsx": {"path":"/home/devi/Desktop/Devi/Projects/AESOP-Coding-Test/client/src/App.tsx","statementMap":{"0":{"start":{"line":6,"column":22},"end":{"line":8,"column":1}},"1":{"start":{"line":7,"column":2},"end":{"line":7,"column":18}}},"fnMap":{"0":{"name":"(anonymous_0)","decl":{"start":{"line":6,"column":22},"end":{"line":6,"column":23}},"loc":{"start":{"line":6,"column":28},"end":{"line":8,"column":1}},"line":6}},"branchMap":{},"s":{"0":1,"1":1},"f":{"0":1},"b":{},"_coverageSchema":"1a1c01bbd47fc00a2c39e90264f33305004495a9","hash":"0994e7e43c8d0bfc7a51939538e801201869afad"}
,"/home/devi/Desktop/Devi/Projects/AESOP-Coding-Test/client/src/components/Accodian.tsx": {"path":"/home/devi/Desktop/Devi/Projects/AESOP-Coding-Test/client/src/components/Accodian.tsx","statementMap":{"0":{"start":{"line":7,"column":44},"end":{"line":37,"column":1}},"1":{"start":{"line":8,"column":2},"end":{"line":36,"column":4}},"2":{"start":{"line":13,"column":12},"end":{"line":31,"column":15}}},"fnMap":{"0":{"name":"(anonymous_0)","decl":{"start":{"line":7,"column":44},"end":{"line":7,"column":45}},"loc":{"start":{"line":7,"column":69},"end":{"line":37,"column":1}},"line":7},"1":{"name":"(anonymous_1)","decl":{"start":{"line":12,"column":11},"end":{"line":12,"column":12}},"loc":{"start":{"line":13,"column":12},"end":{"line":31,"column":15}},"line":13}},"branchMap":{"0":{"loc":{"start":{"line":21,"column":20},"end":{"line":21,"column":54}},"type":"cond-expr","locations":[{"start":{"line":21,"column":27},"end":{"line":21,"column":49}},{"start":{"line":21,"column":52},"end":{"line":21,"column":54}}],"line":21}},"s":{"0":3,"1":6,"2":10},"f":{"0":6,"1":10},"b":{"0":[2,8]},"_coverageSchema":"1a1c01bbd47fc00a2c39e90264f33305004495a9","hash":"e8c73ae278b71379a0c37c97c874844b92cb75eb"}
,"/home/devi/Desktop/Devi/Projects/AESOP-Coding-Test/client/src/components/ListBox.tsx": {"path":"/home/devi/Desktop/Devi/Projects/AESOP-Coding-Test/client/src/components/ListBox.tsx","statementMap":{"0":{"start":{"line":7,"column":41},"end":{"line":60,"column":1}},"1":{"start":{"line":8,"column":2},"end":{"line":59,"column":4}},"2":{"start":{"line":28,"column":14},"end":{"line":53,"column":31}},"3":{"start":{"line":31,"column":18},"end":{"line":33,"column":20}},"4":{"start":{"line":38,"column":18},"end":{"line":51,"column":21}}},"fnMap":{"0":{"name":"(anonymous_0)","decl":{"start":{"line":7,"column":41},"end":{"line":7,"column":42}},"loc":{"start":{"line":7,"column":75},"end":{"line":60,"column":1}},"line":7},"1":{"name":"(anonymous_1)","decl":{"start":{"line":27,"column":26},"end":{"line":27,"column":27}},"loc":{"start":{"line":28,"column":14},"end":{"line":53,"column":31}},"line":28},"2":{"name":"(anonymous_2)","decl":{"start":{"line":30,"column":27},"end":{"line":30,"column":28}},"loc":{"start":{"line":31,"column":18},"end":{"line":33,"column":20}},"line":31},"3":{"name":"(anonymous_3)","decl":{"start":{"line":37,"column":17},"end":{"line":37,"column":18}},"loc":{"start":{"line":38,"column":18},"end":{"line":51,"column":21}},"line":38}},"branchMap":{"0":{"loc":{"start":{"line":32,"column":20},"end":{"line":32,"column":78}},"type":"cond-expr","locations":[{"start":{"line":32,"column":29},"end":{"line":32,"column":60}},{"start":{"line":32,"column":63},"end":{"line":32,"column":78}}],"line":32},"1":{"loc":{"start":{"line":41,"column":24},"end":{"line":41,"column":64}},"type":"cond-expr","locations":[{"start":{"line":41,"column":35},"end":{"line":41,"column":48}},{"start":{"line":41,"column":51},"end":{"line":41,"column":64}}],"line":41},"2":{"loc":{"start":{"line":46,"column":21},"end":{"line":50,"column":28}},"type":"cond-expr","locations":[{"start":{"line":47,"column":22},"end":{"line":49,"column":29}},{"start":{"line":50,"column":24},"end":{"line":50,"column":28}}],"line":46}},"s":{"0":3,"1":13,"2":66,"3":33,"4":33},"f":{"0":13,"1":66,"2":33,"3":33},"b":{"0":[0,33],"1":[1,32],"2":[1,32]},"_coverageSchema":"1a1c01bbd47fc00a2c39e90264f33305004495a9","hash":"e82ae8fdaa32d14412ff2daddc3ea4efa69ad86e"}
,"/home/devi/Desktop/Devi/Projects/AESOP-Coding-Test/client/src/components/Table.tsx": {"path":"/home/devi/Desktop/Devi/Projects/AESOP-Coding-Test/client/src/components/Table.tsx","statementMap":{"0":{"start":{"line":5,"column":37},"end":{"line":37,"column":1}},"1":{"start":{"line":6,"column":2},"end":{"line":36,"column":4}},"2":{"start":{"line":11,"column":12},"end":{"line":17,"column":17}},"3":{"start":{"line":23,"column":10},"end":{"line":32,"column":15}},"4":{"start":{"line":25,"column":14},"end":{"line":30,"column":19}}},"fnMap":{"0":{"name":"(anonymous_0)","decl":{"start":{"line":5,"column":37},"end":{"line":5,"column":38}},"loc":{"start":{"line":5,"column":57},"end":{"line":37,"column":1}},"line":5},"1":{"name":"(anonymous_1)","decl":{"start":{"line":10,"column":21},"end":{"line":10,"column":22}},"loc":{"start":{"line":11,"column":12},"end":{"line":17,"column":17}},"line":11},"2":{"name":"(anonymous_2)","decl":{"start":{"line":22,"column":19},"end":{"line":22,"column":20}},"loc":{"start":{"line":23,"column":10},"end":{"line":32,"column":15}},"line":23},"3":{"name":"(anonymous_3)","decl":{"start":{"line":24,"column":38},"end":{"line":24,"column":39}},"loc":{"start":{"line":25,"column":14},"end":{"line":30,"column":19}},"line":25}},"branchMap":{},"s":{"0":3,"1":1,"2":2,"3":2,"4":4},"f":{"0":1,"1":2,"2":2,"3":4},"b":{},"_coverageSchema":"1a1c01bbd47fc00a2c39e90264f33305004495a9","hash":"c9590d87b251eeb0dfcb32b2ef52ea55a1799881"}
,"/home/devi/Desktop/Devi/Projects/AESOP-Coding-Test/client/src/scenes/Home.tsx": {"path":"/home/devi/Desktop/Devi/Projects/AESOP-Coding-Test/client/src/scenes/Home.tsx","statementMap":{"0":{"start":{"line":8,"column":21},"end":{"line":13,"column":1}},"1":{"start":{"line":15,"column":16},"end":{"line":21,"column":1}},"2":{"start":{"line":23,"column":13},"end":{"line":85,"column":1}},"3":{"start":{"line":24,"column":66},"end":{"line":29,"column":18}},"4":{"start":{"line":31,"column":2},"end":{"line":40,"column":9}},"5":{"start":{"line":32,"column":4},"end":{"line":39,"column":9}},"6":{"start":{"line":33,"column":19},"end":{"line":33,"column":41}},"7":{"start":{"line":34,"column":6},"end":{"line":38,"column":10}},"8":{"start":{"line":34,"column":31},"end":{"line":38,"column":7}},"9":{"start":{"line":42,"column":2},"end":{"line":52,"column":16}},"10":{"start":{"line":43,"column":37},"end":{"line":46,"column":5}},"11":{"start":{"line":47,"column":4},"end":{"line":51,"column":8}},"12":{"start":{"line":47,"column":29},"end":{"line":51,"column":5}},"13":{"start":{"line":54,"column":24},"end":{"line":58,"column":7}},"14":{"start":{"line":55,"column":4},"end":{"line":58,"column":7}},"15":{"start":{"line":55,"column":29},"end":{"line":58,"column":5}},"16":{"start":{"line":60,"column":2},"end":{"line":84,"column":4}},"17":{"start":{"line":67,"column":8},"end":{"line":81,"column":19}}},"fnMap":{"0":{"name":"(anonymous_0)","decl":{"start":{"line":23,"column":13},"end":{"line":23,"column":14}},"loc":{"start":{"line":23,"column":19},"end":{"line":85,"column":1}},"line":23},"1":{"name":"(anonymous_1)","decl":{"start":{"line":31,"column":12},"end":{"line":31,"column":13}},"loc":{"start":{"line":31,"column":18},"end":{"line":40,"column":3}},"line":31},"2":{"name":"(anonymous_2)","decl":{"start":{"line":32,"column":5},"end":{"line":32,"column":6}},"loc":{"start":{"line":32,"column":17},"end":{"line":39,"column":5}},"line":32},"3":{"name":"(anonymous_3)","decl":{"start":{"line":34,"column":15},"end":{"line":34,"column":16}},"loc":{"start":{"line":34,"column":31},"end":{"line":38,"column":7}},"line":34},"4":{"name":"(anonymous_4)","decl":{"start":{"line":42,"column":12},"end":{"line":42,"column":13}},"loc":{"start":{"line":42,"column":18},"end":{"line":52,"column":3}},"line":42},"5":{"name":"(anonymous_5)","decl":{"start":{"line":47,"column":13},"end":{"line":47,"column":14}},"loc":{"start":{"line":47,"column":29},"end":{"line":51,"column":5}},"line":47},"6":{"name":"(anonymous_6)","decl":{"start":{"line":54,"column":24},"end":{"line":54,"column":25}},"loc":{"start":{"line":55,"column":4},"end":{"line":58,"column":7}},"line":55},"7":{"name":"(anonymous_7)","decl":{"start":{"line":55,"column":13},"end":{"line":55,"column":14}},"loc":{"start":{"line":55,"column":29},"end":{"line":58,"column":5}},"line":55},"8":{"name":"(anonymous_8)","decl":{"start":{"line":66,"column":19},"end":{"line":66,"column":20}},"loc":{"start":{"line":67,"column":8},"end":{"line":81,"column":19}},"line":67}},"branchMap":{},"s":{"0":2,"1":2,"2":2,"3":12,"4":12,"5":3,"6":3,"7":2,"8":2,"9":12,"10":6,"11":6,"12":6,"13":12,"14":1,"15":1,"16":12,"17":4},"f":{"0":12,"1":3,"2":3,"3":2,"4":6,"5":6,"6":1,"7":1,"8":4},"b":{},"_coverageSchema":"1a1c01bbd47fc00a2c39e90264f33305004495a9","hash":"c39f014cb9dcafe958a533bac5cfcd2aef6f9f77"}
,"/home/devi/Desktop/Devi/Projects/AESOP-Coding-Test/client/src/services/getCrimeRecord.ts": {"path":"/home/devi/Desktop/Devi/Projects/AESOP-Coding-Test/client/src/services/getCrimeRecord.ts","statementMap":{"0":{"start":{"line":1,"column":21},"end":{"line":1,"column":56}},"1":{"start":{"line":4,"column":2},"end":{"line":10,"column":3}},"2":{"start":{"line":5,"column":21},"end":{"line":5,"column":61}},"3":{"start":{"line":6,"column":21},"end":{"line":6,"column":42}},"4":{"start":{"line":7,"column":4},"end":{"line":7,"column":16}},"5":{"start":{"line":9,"column":4},"end":{"line":9,"column":17}}},"fnMap":{"0":{"name":"getCrimeRecord","decl":{"start":{"line":3,"column":15},"end":{"line":3,"column":29}},"loc":{"start":{"line":3,"column":32},"end":{"line":11,"column":1}},"line":3}},"branchMap":{},"s":{"0":3,"1":5,"2":5,"3":3,"4":3,"5":1},"f":{"0":5},"b":{},"_coverageSchema":"1a1c01bbd47fc00a2c39e90264f33305004495a9","hash":"4b50353bbfbd72ef01c36c573de8caa9971575a9"}
,"/home/devi/Desktop/Devi/Projects/AESOP-Coding-Test/client/src/utils/getGroupByFilterWithTitle.ts": {"path":"/home/devi/Desktop/Devi/Projects/AESOP-Coding-Test/client/src/utils/getGroupByFilterWithTitle.ts","statementMap":{"0":{"start":{"line":1,"column":31},"end":{"line":16,"column":1}},"1":{"start":{"line":7,"column":2},"end":{"line":15,"column":3}},"2":{"start":{"line":8,"column":4},"end":{"line":8,"column":29}},"3":{"start":{"line":9,"column":4},"end":{"line":9,"column":46}},"4":{"start":{"line":11,"column":4},"end":{"line":14,"column":6}},"5":{"start":{"line":18,"column":34},"end":{"line":53,"column":1}},"6":{"start":{"line":22,"column":24},"end":{"line":22,"column":26}},"7":{"start":{"line":23,"column":43},"end":{"line":23,"column":47}},"8":{"start":{"line":24,"column":2},"end":{"line":51,"column":3}},"9":{"start":{"line":25,"column":4},"end":{"line":50,"column":5}},"10":{"start":{"line":26,"column":6},"end":{"line":26,"column":80}},"11":{"start":{"line":27,"column":11},"end":{"line":50,"column":5}},"12":{"start":{"line":28,"column":6},"end":{"line":33,"column":8}},"13":{"start":{"line":34,"column":11},"end":{"line":50,"column":5}},"14":{"start":{"line":35,"column":6},"end":{"line":40,"column":8}},"15":{"start":{"line":41,"column":11},"end":{"line":50,"column":5}},"16":{"start":{"line":42,"column":6},"end":{"line":47,"column":8}},"17":{"start":{"line":48,"column":11},"end":{"line":50,"column":5}},"18":{"start":{"line":49,"column":6},"end":{"line":49,"column":76}},"19":{"start":{"line":52,"column":2},"end":{"line":52,"column":34}}},"fnMap":{"0":{"name":"(anonymous_0)","decl":{"start":{"line":1,"column":31},"end":{"line":1,"column":32}},"loc":{"start":{"line":6,"column":5},"end":{"line":16,"column":1}},"line":6},"1":{"name":"(anonymous_1)","decl":{"start":{"line":18,"column":34},"end":{"line":18,"column":35}},"loc":{"start":{"line":21,"column":5},"end":{"line":53,"column":1}},"line":21}},"branchMap":{"0":{"loc":{"start":{"line":7,"column":2},"end":{"line":15,"column":3}},"type":"if","locations":[{"start":{"line":7,"column":2},"end":{"line":15,"column":3}},{"start":{"line":10,"column":9},"end":{"line":15,"column":3}}],"line":7},"1":{"loc":{"start":{"line":25,"column":4},"end":{"line":50,"column":5}},"type":"if","locations":[{"start":{"line":25,"column":4},"end":{"line":50,"column":5}},{"start":{"line":27,"column":11},"end":{"line":50,"column":5}}],"line":25},"2":{"loc":{"start":{"line":27,"column":11},"end":{"line":50,"column":5}},"type":"if","locations":[{"start":{"line":27,"column":11},"end":{"line":50,"column":5}},{"start":{"line":34,"column":11},"end":{"line":50,"column":5}}],"line":27},"3":{"loc":{"start":{"line":34,"column":11},"end":{"line":50,"column":5}},"type":"if","locations":[{"start":{"line":34,"column":11},"end":{"line":50,"column":5}},{"start":{"line":41,"column":11},"end":{"line":50,"column":5}}],"line":34},"4":{"loc":{"start":{"line":41,"column":11},"end":{"line":50,"column":5}},"type":"if","locations":[{"start":{"line":41,"column":11},"end":{"line":50,"column":5}},{"start":{"line":48,"column":11},"end":{"line":50,"column":5}}],"line":41},"5":{"loc":{"start":{"line":48,"column":11},"end":{"line":50,"column":5}},"type":"if","locations":[{"start":{"line":48,"column":11},"end":{"line":50,"column":5}},{"start":{},"end":{}}],"line":48}},"s":{"0":3,"1":16,"2":11,"3":11,"4":5,"5":3,"6":10,"7":10,"8":10,"9":16,"10":8,"11":8,"12":2,"13":6,"14":2,"15":4,"16":2,"17":2,"18":2,"19":10},"f":{"0":16,"1":10},"b":{"0":[11,5],"1":[8,8],"2":[2,6],"3":[2,4],"4":[2,2],"5":[2,0]},"_coverageSchema":"1a1c01bbd47fc00a2c39e90264f33305004495a9","hash":"d8f71c68bc81cd96dff9987d586d295be40df033"}
}
