TN:
SF:src/App.tsx
FN:6,(anonymous_0)
FNF:1
FNH:1
FNDA:1,(anonymous_0)
DA:6,1
DA:7,1
LF:2
LH:2
BRF:0
BRH:0
end_of_record
TN:
SF:src/components/Accodian.tsx
FN:7,(anonymous_0)
FN:12,(anonymous_1)
FNF:2
FNH:2
FNDA:6,(anonymous_0)
FNDA:10,(anonymous_1)
DA:7,3
DA:8,6
DA:13,10
LF:3
LH:3
BRDA:21,0,0,2
BRDA:21,0,1,8
BRF:2
BRH:2
end_of_record
TN:
SF:src/components/ListBox.tsx
FN:7,(anonymous_0)
FN:27,(anonymous_1)
FN:30,(anonymous_2)
FN:37,(anonymous_3)
FNF:4
FNH:4
FNDA:13,(anonymous_0)
FNDA:66,(anonymous_1)
FNDA:33,(anonymous_2)
FNDA:33,(anonymous_3)
DA:7,3
DA:8,13
DA:28,66
DA:31,33
DA:38,33
LF:5
LH:5
BRDA:32,0,0,0
BRDA:32,0,1,33
BRDA:41,1,0,1
BRDA:41,1,1,32
BRDA:46,2,0,1
BRDA:46,2,1,32
BRF:6
BRH:5
end_of_record
TN:
SF:src/components/Table.tsx
FN:5,(anonymous_0)
FN:10,(anonymous_1)
FN:22,(anonymous_2)
FN:24,(anonymous_3)
FNF:4
FNH:4
FNDA:1,(anonymous_0)
FNDA:2,(anonymous_1)
FNDA:2,(anonymous_2)
FNDA:4,(anonymous_3)
DA:5,3
DA:6,1
DA:11,2
DA:23,2
DA:25,4
LF:5
LH:5
BRF:0
BRH:0
end_of_record
TN:
SF:src/scenes/Home.tsx
FN:23,(anonymous_0)
FN:31,(anonymous_1)
FN:32,(anonymous_2)
FN:34,(anonymous_3)
FN:42,(anonymous_4)
FN:47,(anonymous_5)
FN:54,(anonymous_6)
FN:55,(anonymous_7)
FN:66,(anonymous_8)
FNF:9
FNH:9
FNDA:12,(anonymous_0)
FNDA:3,(anonymous_1)
FNDA:3,(anonymous_2)
FNDA:2,(anonymous_3)
FNDA:6,(anonymous_4)
FNDA:6,(anonymous_5)
FNDA:1,(anonymous_6)
FNDA:1,(anonymous_7)
FNDA:4,(anonymous_8)
DA:8,2
DA:15,2
DA:23,2
DA:24,12
DA:31,12
DA:32,3
DA:33,3
DA:34,2
DA:42,12
DA:43,6
DA:47,6
DA:54,12
DA:55,1
DA:60,12
DA:67,4
LF:15
LH:15
BRF:0
BRH:0
end_of_record
TN:
SF:src/services/getCrimeRecord.ts
FN:3,getCrimeRecord
FNF:1
FNH:1
FNDA:5,getCrimeRecord
DA:1,3
DA:4,5
DA:5,5
DA:6,3
DA:7,3
DA:9,1
LF:6
LH:6
BRF:0
BRH:0
end_of_record
TN:
SF:src/utils/getGroupByFilterWithTitle.ts
FN:1,(anonymous_0)
FN:18,(anonymous_1)
FNF:2
FNH:2
FNDA:16,(anonymous_0)
FNDA:10,(anonymous_1)
DA:1,3
DA:7,16
DA:8,11
DA:9,11
DA:11,5
DA:18,3
DA:22,10
DA:23,10
DA:24,10
DA:25,16
DA:26,8
DA:27,8
DA:28,2
DA:34,6
DA:35,2
DA:41,4
DA:42,2
DA:48,2
DA:49,2
DA:52,10
LF:20
LH:20
BRDA:7,0,0,11
BRDA:7,0,1,5
BRDA:25,1,0,8
BRDA:25,1,1,8
BRDA:27,2,0,2
BRDA:27,2,1,6
BRDA:34,3,0,2
BRDA:34,3,1,4
BRDA:41,4,0,2
BRDA:41,4,1,2
BRDA:48,5,0,2
BRDA:48,5,1,0
BRF:12
BRH:11
end_of_record
